Determining if the pthread_create exist failed with the following output:
Change Dir: /user/6/.base/yoeungm/home/ensimag_2/Systeme_exploitation/TPs/TP4/ensimag-shmem/build/CMakeFiles/CMakeTmp

Run Build Command:/usr/bin/gmake "cmTryCompileExec273047251/fast"
/usr/bin/gmake -f CMakeFiles/cmTryCompileExec273047251.dir/build.make CMakeFiles/cmTryCompileExec273047251.dir/build
gmake[1]: Entering directory `/user/6/.base/yoeungm/home/ensimag_2/Systeme_exploitation/TPs/TP4/ensimag-shmem/build/CMakeFiles/CMakeTmp'
/usr/bin/cmake -E cmake_progress_report /user/6/.base/yoeungm/home/ensimag_2/Systeme_exploitation/TPs/TP4/ensimag-shmem/build/CMakeFiles/CMakeTmp/CMakeFiles 1
Building C object CMakeFiles/cmTryCompileExec273047251.dir/CheckSymbolExists.c.o
/usr/bin/cc    -o CMakeFiles/cmTryCompileExec273047251.dir/CheckSymbolExists.c.o   -c /user/6/.base/yoeungm/home/ensimag_2/Systeme_exploitation/TPs/TP4/ensimag-shmem/build/CMakeFiles/CMakeTmp/CheckSymbolExists.c
Linking C executable cmTryCompileExec273047251
/usr/bin/cmake -E cmake_link_script CMakeFiles/cmTryCompileExec273047251.dir/link.txt --verbose=1
/usr/bin/cc       CMakeFiles/cmTryCompileExec273047251.dir/CheckSymbolExists.c.o  -o cmTryCompileExec273047251 -rdynamic 
CMakeFiles/cmTryCompileExec273047251.dir/CheckSymbolExists.c.o: In function `main':
CheckSymbolExists.c:(.text+0x16): undefined reference to `pthread_create'
collect2: error: ld returned 1 exit status
gmake[1]: *** [cmTryCompileExec273047251] Error 1
gmake[1]: Leaving directory `/user/6/.base/yoeungm/home/ensimag_2/Systeme_exploitation/TPs/TP4/ensimag-shmem/build/CMakeFiles/CMakeTmp'
gmake: *** [cmTryCompileExec273047251/fast] Error 2

File /user/6/.base/yoeungm/home/ensimag_2/Systeme_exploitation/TPs/TP4/ensimag-shmem/build/CMakeFiles/CMakeTmp/CheckSymbolExists.c:
/* */
#include <pthread.h>

int main(int argc, char** argv)
{
  (void)argv;
#ifndef pthread_create
  return ((int*)(&pthread_create))[argc];
#else
  (void)argc;
  return 0;
#endif
}

Determining if the function pthread_create exists in the pthreads failed with the following output:
Change Dir: /user/6/.base/yoeungm/home/ensimag_2/Systeme_exploitation/TPs/TP4/ensimag-shmem/build/CMakeFiles/CMakeTmp

Run Build Command:/usr/bin/gmake "cmTryCompileExec590481404/fast"
/usr/bin/gmake -f CMakeFiles/cmTryCompileExec590481404.dir/build.make CMakeFiles/cmTryCompileExec590481404.dir/build
gmake[1]: Entering directory `/user/6/.base/yoeungm/home/ensimag_2/Systeme_exploitation/TPs/TP4/ensimag-shmem/build/CMakeFiles/CMakeTmp'
/usr/bin/cmake -E cmake_progress_report /user/6/.base/yoeungm/home/ensimag_2/Systeme_exploitation/TPs/TP4/ensimag-shmem/build/CMakeFiles/CMakeTmp/CMakeFiles 1
Building C object CMakeFiles/cmTryCompileExec590481404.dir/CheckFunctionExists.c.o
/usr/bin/cc   -DCHECK_FUNCTION_EXISTS=pthread_create   -o CMakeFiles/cmTryCompileExec590481404.dir/CheckFunctionExists.c.o   -c /usr/share/cmake/Modules/CheckFunctionExists.c
Linking C executable cmTryCompileExec590481404
/usr/bin/cmake -E cmake_link_script CMakeFiles/cmTryCompileExec590481404.dir/link.txt --verbose=1
/usr/bin/cc   -DCHECK_FUNCTION_EXISTS=pthread_create    CMakeFiles/cmTryCompileExec590481404.dir/CheckFunctionExists.c.o  -o cmTryCompileExec590481404 -rdynamic -lpthreads 
/usr/bin/ld: cannot find -lpthreads
collect2: error: ld returned 1 exit status
gmake[1]: *** [cmTryCompileExec590481404] Error 1
gmake[1]: Leaving directory `/user/6/.base/yoeungm/home/ensimag_2/Systeme_exploitation/TPs/TP4/ensimag-shmem/build/CMakeFiles/CMakeTmp'
gmake: *** [cmTryCompileExec590481404/fast] Error 2


